生成启动时间为 2021/4/26 10:46:58。
     1>项目“E:\学习路线\算法学习\题解\VJ\02\S.Red and Black\S.Red and Black\S.Red and Black.vcxproj”在节点 2 上(Build 个目标)。
     1>ClCompile:
         G:\JixTs1\JixTC\VC\bin\CL.exe /c /ZI /nologo /W3 /WX- /sdl /Od /Oy- /D _MBCS /Gm /EHsc /RTC1 /MDd /GS /fp:precise /Zc:wchar_t /Zc:forScope /Fo"Debug\\" /Fd"Debug\vc120.pdb" /Gd /TP /analyze- /errorReport:prompt test.cpp
         test.cpp
     1>e:\学习路线\算法学习\题解\vj\02\s.red and black\s.red and black\test.cpp(12): error C2061: 语法错误: 标识符“sy”
     1>e:\学习路线\算法学习\题解\vj\02\s.red and black\s.red and black\test.cpp(33): error C2660: “bfs”: 函数不接受 2 个参数
     1>已完成生成项目“E:\学习路线\算法学习\题解\VJ\02\S.Red and Black\S.Red and Black\S.Red and Black.vcxproj”(Build 个目标)的操作 - 失败。

生成失败。

已用时间 00:00:01.42
